[2015-12-04 09:51:18] Fox.ERROR: API [GET]:/:controller/layout/:name, Params:Array
(
    [controller] => Account
    [name] => deleted-list
)
, InputData:  - Layout Account:deleted-list is not found. [] []
[2015-12-04 09:51:18] Fox.ERROR: Display Error: Layout Account:deleted-list is not found., Code: 404 URL: /api/v1/Account/layout/deleted-list [] []
[2015-12-04 09:51:18] Fox.ERROR: API [GET]:/:controller/layout/:name, Params:Array
(
    [controller] => Account
    [name] => deleted-list
)
, InputData:  - Layout Account:deleted-list is not found. [] []
[2015-12-04 09:51:18] Fox.ERROR: Display Error: Layout Account:deleted-list is not found., Code: 404 URL: /api/v1/Account/layout/deleted-list [] []
[2015-12-04 09:51:18] Fox.ERROR: API [GET]:/:controller/layout/:name, Params:Array
(
    [controller] => Account
    [name] => deleted-list
)
, InputData:  - Layout Account:deleted-list is not found. [] []
[2015-12-04 09:51:18] Fox.ERROR: Display Error: Layout Account:deleted-list is not found., Code: 404 URL: /api/v1/Account/layout/deleted-list [] []
[2015-12-04 09:51:18] Fox.ERROR: API [GET]:/:controller/layout/:name, Params:Array
(
    [controller] => Account
    [name] => deleted-list
)
, InputData:  - Layout Account:deleted-list is not found. [] []
[2015-12-04 09:51:18] Fox.ERROR: Display Error: Layout Account:deleted-list is not found., Code: 404 URL: /api/v1/Account/layout/deleted-list [] []
[2015-12-04 09:51:18] Fox.ERROR: API [GET]:/:controller/layout/:name, Params:Array
(
    [controller] => Account
    [name] => deleted-list
)
, InputData:  - Layout Account:deleted-list is not found. [] []
[2015-12-04 09:51:18] Fox.ERROR: Display Error: Layout Account:deleted-list is not found., Code: 404 URL: /api/v1/Account/layout/deleted-list [] []
[2015-12-04 09:51:18] Fox.ERROR: API [GET]:/:controller/layout/:name, Params:Array
(
    [controller] => Account
    [name] => deleted-list
)
, InputData:  - Layout Account:deleted-list is not found. [] []
[2015-12-04 09:51:18] Fox.ERROR: Display Error: Layout Account:deleted-list is not found., Code: 404 URL: /api/v1/Account/layout/deleted-list [] []
[2015-12-04 09:51:18] Fox.ERROR: API [GET]:/:controller/layout/:name, Params:Array
(
    [controller] => Account
    [name] => deleted-list
)
, InputData:  - Layout Account:deleted-list is not found. [] []
[2015-12-04 09:51:18] Fox.ERROR: Display Error: Layout Account:deleted-list is not found., Code: 404 URL: /api/v1/Account/layout/deleted-list [] []
[2015-12-04 09:51:19] Fox.ERROR: API [GET]:/:controller/layout/:name, Params:Array
(
    [controller] => Account
    [name] => deleted-list
)
, InputData:  - Layout Account:deleted-list is not found. [] []
[2015-12-04 09:51:19] Fox.ERROR: Display Error: Layout Account:deleted-list is not found., Code: 404 URL: /api/v1/Account/layout/deleted-list [] []
[2015-12-04 09:51:19] Fox.ERROR: API [GET]:/:controller/layout/:name, Params:Array
(
    [controller] => Account
    [name] => deleted-list
)
, InputData:  - Layout Account:deleted-list is not found. [] []
[2015-12-04 09:51:19] Fox.ERROR: Display Error: Layout Account:deleted-list is not found., Code: 404 URL: /api/v1/Account/layout/deleted-list [] []
[2015-12-04 09:51:19] Fox.ERROR: API [GET]:/:controller/layout/:name, Params:Array
(
    [controller] => Account
    [name] => deleted-list
)
, InputData:  - Layout Account:deleted-list is not found. [] []
[2015-12-04 09:51:19] Fox.ERROR: Display Error: Layout Account:deleted-list is not found., Code: 404 URL: /api/v1/Account/layout/deleted-list [] []
[2015-12-04 09:51:19] Fox.ERROR: API [GET]:/:controller/layout/:name, Params:Array
(
    [controller] => Account
    [name] => deleted-list
)
, InputData:  - Layout Account:deleted-list is not found. [] []
[2015-12-04 09:51:19] Fox.ERROR: Display Error: Layout Account:deleted-list is not found., Code: 404 URL: /api/v1/Account/layout/deleted-list [] []
[2015-12-04 09:51:19] Fox.ERROR: API [GET]:/:controller/layout/:name, Params:Array
(
    [controller] => Account
    [name] => deleted-list
)
, InputData:  - Layout Account:deleted-list is not found. [] []
[2015-12-04 09:51:19] Fox.ERROR: Display Error: Layout Account:deleted-list is not found., Code: 404 URL: /api/v1/Account/layout/deleted-list [] []
[2015-12-04 09:51:19] Fox.ERROR: API [GET]:/:controller/layout/:name, Params:Array
(
    [controller] => Account
    [name] => deleted-list
)
, InputData:  - Layout Account:deleted-list is not found. [] []
[2015-12-04 09:51:19] Fox.ERROR: Display Error: Layout Account:deleted-list is not found., Code: 404 URL: /api/v1/Account/layout/deleted-list [] []
[2015-12-04 09:51:19] Fox.ERROR: API [GET]:/:controller/layout/:name, Params:Array
(
    [controller] => Account
    [name] => deleted-list
)
, InputData:  - Layout Account:deleted-list is not found. [] []
[2015-12-04 09:51:19] Fox.ERROR: Display Error: Layout Account:deleted-list is not found., Code: 404 URL: /api/v1/Account/layout/deleted-list [] []
[2015-12-04 09:51:19] Fox.ERROR: API [GET]:/:controller/layout/:name, Params:Array
(
    [controller] => Account
    [name] => deleted-list
)
, InputData:  - Layout Account:deleted-list is not found. [] []
[2015-12-04 09:51:19] Fox.ERROR: Display Error: Layout Account:deleted-list is not found., Code: 404 URL: /api/v1/Account/layout/deleted-list [] []
[2015-12-04 09:51:19] Fox.ERROR: API [GET]:/:controller/layout/:name, Params:Array
(
    [controller] => Account
    [name] => deleted-list
)
, InputData:  - Layout Account:deleted-list is not found. [] []
[2015-12-04 09:51:19] Fox.ERROR: Display Error: Layout Account:deleted-list is not found., Code: 404 URL: /api/v1/Account/layout/deleted-list [] []
[2015-12-04 09:51:19] Fox.ERROR: API [GET]:/:controller/layout/:name, Params:Array
(
    [controller] => Account
    [name] => deleted-list
)
, InputData:  - Layout Account:deleted-list is not found. [] []
[2015-12-04 09:51:19] Fox.ERROR: Display Error: Layout Account:deleted-list is not found., Code: 404 URL: /api/v1/Account/layout/deleted-list [] []
[2015-12-04 09:51:20] Fox.ERROR: API [GET]:/:controller/layout/:name, Params:Array
(
    [controller] => Account
    [name] => deleted-list
)
, InputData:  - Layout Account:deleted-list is not found. [] []
[2015-12-04 09:51:20] Fox.ERROR: Display Error: Layout Account:deleted-list is not found., Code: 404 URL: /api/v1/Account/layout/deleted-list [] []
[2015-12-04 09:51:20] Fox.ERROR: API [GET]:/:controller/layout/:name, Params:Array
(
    [controller] => Account
    [name] => deleted-list
)
, InputData:  - Layout Account:deleted-list is not found. [] []
[2015-12-04 09:51:20] Fox.ERROR: Display Error: Layout Account:deleted-list is not found., Code: 404 URL: /api/v1/Account/layout/deleted-list [] []
[2015-12-04 09:51:20] Fox.ERROR: API [GET]:/:controller/layout/:name, Params:Array
(
    [controller] => Account
    [name] => deleted-list
)
, InputData:  - Layout Account:deleted-list is not found. [] []
[2015-12-04 09:51:20] Fox.ERROR: Display Error: Layout Account:deleted-list is not found., Code: 404 URL: /api/v1/Account/layout/deleted-list [] []
[2015-12-04 10:17:20] Fox.ERROR: API [GET]:/:controller/:id, Params:Array
(
    [controller] => Account
    [id] => deletedList
)
, InputData:  -  [] []
[2015-12-04 10:17:20] Fox.ERROR: Display Error: , Code: 404 URL: /api/v1/Account/deletedList?maxSize=20&offset=0&sortBy=name&asc=true&where%5B0%5D%5Btype%5D=bool&where%5B0%5D%5Bvalue%5D%5B%5D=onlyMy [] []
[2015-12-04 14:59:43] Fox.ERROR: API [GET]:/:controller/:id, Params:Array
(
    [controller] => Account
    [id] => 5645904f9ff92317d
)
, InputData:  -  [] []
[2015-12-04 14:59:43] Fox.ERROR: Display Error: , Code: 404 URL: /api/v1/Account/5645904f9ff92317d [] []
[2015-12-04 14:59:44] Fox.ERROR: API [GET]:/:controller/:id/stream, Params:Array
(
    [controller] => Account
    [id] => 5645904f9ff92317d
)
, InputData:  -  [] []
[2015-12-04 14:59:44] Fox.ERROR: Display Error: , Code: 404 URL: /api/v1/Account/5645904f9ff92317d/stream?filter=&maxSize=5&offset=0&sortBy=number&asc=false [] []
[2015-12-04 14:59:44] Fox.ERROR: API [GET]:/:controller/:id/:link, Params:Array
(
    [controller] => Account
    [id] => 5645904f9ff92317d
    [link] => opportunities
)
, InputData:  -  [] []
[2015-12-04 14:59:44] Fox.ERROR: Display Error: , Code: 404 URL: /api/v1/Account/5645904f9ff92317d/opportunities?primaryFilter=&maxSize=5&offset=0&sortBy=createdAt&asc=false [] []
[2015-12-04 15:00:16] Fox.ERROR: API [GET]:/:controller/:id/:link, Params:Array
(
    [controller] => Account
    [id] => 5645904f9ff92317d
    [link] => opportunities
)
, InputData:  -  [] []
[2015-12-04 15:00:16] Fox.ERROR: Display Error: , Code: 404 URL: /api/v1/Account/5645904f9ff92317d/opportunities?primaryFilter=&maxSize=5&offset=0&sortBy=createdAt&asc=false [] []
[2015-12-04 15:00:47] Fox.ERROR: API [GET]:/:controller/:id, Params:Array
(
    [controller] => Account
    [id] => 5645904f9ff92317d
)
, InputData:  -  [] []
[2015-12-04 15:00:47] Fox.ERROR: Display Error: , Code: 404 URL: /api/v1/Account/5645904f9ff92317d [] []
[2015-12-04 15:01:21] Fox.ERROR: API [GET]:/:controller/:id/stream, Params:Array
(
    [controller] => Account
    [id] => 5645904f9ff92317d
)
, InputData:  -  [] []
[2015-12-04 15:01:21] Fox.ERROR: Display Error: , Code: 404 URL: /api/v1/Account/5645904f9ff92317d/stream?filter=&maxSize=5&offset=0&sortBy=number&asc=false [] []
[2015-12-04 15:01:21] Fox.ERROR: API [GET]:/:controller/:id/:link, Params:Array
(
    [controller] => Account
    [id] => 5645904f9ff92317d
    [link] => opportunities
)
, InputData:  -  [] []
[2015-12-04 15:01:21] Fox.ERROR: Display Error: , Code: 404 URL: /api/v1/Account/5645904f9ff92317d/opportunities?primaryFilter=&maxSize=5&offset=0&sortBy=createdAt&asc=false [] []
[2015-12-04 15:01:21] Fox.ERROR: API [GET]:/:controller/:id, Params:Array
(
    [controller] => Account
    [id] => 5645904f9ff92317d
)
, InputData:  -  [] []
[2015-12-04 15:01:21] Fox.ERROR: Display Error: , Code: 404 URL: /api/v1/Account/5645904f9ff92317d [] []
[2015-12-04 15:01:28] Fox.ERROR: API [GET]:/:controller/:id, Params:Array
(
    [controller] => Account
    [id] => 5645904f9ff92317d
)
, InputData:  -  [] []
[2015-12-04 15:01:28] Fox.ERROR: Display Error: , Code: 404 URL: /api/v1/Account/5645904f9ff92317d [] []
[2015-12-04 15:02:31] Fox.ERROR: API [GET]:/:controller/:id, Params:Array
(
    [controller] => Account
    [id] => 5645904f9ff92317d
)
, InputData:  -  [] []
[2015-12-04 15:02:31] Fox.ERROR: Display Error: , Code: 404 URL: /api/v1/Account/5645904f9ff92317d [] []
[2015-12-04 15:02:31] Fox.ERROR: API [GET]:/:controller/:id/stream, Params:Array
(
    [controller] => Account
    [id] => 5645904f9ff92317d
)
, InputData:  -  [] []
[2015-12-04 15:02:31] Fox.ERROR: Display Error: , Code: 404 URL: /api/v1/Account/5645904f9ff92317d/stream?filter=&maxSize=5&offset=0&sortBy=number&asc=false [] []
[2015-12-04 15:02:32] Fox.ERROR: API [GET]:/:controller/:id/:link, Params:Array
(
    [controller] => Account
    [id] => 5645904f9ff92317d
    [link] => opportunities
)
, InputData:  -  [] []
[2015-12-04 15:02:32] Fox.ERROR: Display Error: , Code: 404 URL: /api/v1/Account/5645904f9ff92317d/opportunities?primaryFilter=&maxSize=5&offset=0&sortBy=createdAt&asc=false [] []
[2015-12-04 15:27:59] Fox.ERROR: API [GET]:/:controller/:id/stream, Params:Array
(
    [controller] => Account
    [id] => 5645904f9ff92317d
)
, InputData:  -  [] []
[2015-12-04 15:27:59] Fox.ERROR: Display Error: , Code: 404 URL: /api/v1/Account/5645904f9ff92317d/stream?filter=&maxSize=5&offset=0&sortBy=number&asc=false [] []
[2015-12-04 15:27:59] Fox.ERROR: API [GET]:/:controller/:id/:link, Params:Array
(
    [controller] => Account
    [id] => 5645904f9ff92317d
    [link] => opportunities
)
, InputData:  -  [] []
[2015-12-04 15:27:59] Fox.ERROR: Display Error: , Code: 404 URL: /api/v1/Account/5645904f9ff92317d/opportunities?primaryFilter=&maxSize=5&offset=0&sortBy=createdAt&asc=false [] []
[2015-12-04 15:27:59] Fox.ERROR: API [GET]:/:controller/:id, Params:Array
(
    [controller] => Account
    [id] => 5645904f9ff92317d
)
, InputData:  -  [] []
[2015-12-04 15:27:59] Fox.ERROR: Display Error: , Code: 404 URL: /api/v1/Account/5645904f9ff92317d [] []
[2015-12-04 15:28:04] Fox.ERROR: API [GET]:/:controller/:id/stream, Params:Array
(
    [controller] => Account
    [id] => 5645904f9ff92317d
)
, InputData:  -  [] []
[2015-12-04 15:28:04] Fox.ERROR: Display Error: , Code: 404 URL: /api/v1/Account/5645904f9ff92317d/stream?filter=&maxSize=5&offset=0&sortBy=number&asc=false [] []
[2015-12-04 15:28:04] Fox.ERROR: API [GET]:/:controller/:id/:link, Params:Array
(
    [controller] => Account
    [id] => 5645904f9ff92317d
    [link] => opportunities
)
, InputData:  -  [] []
[2015-12-04 15:28:04] Fox.ERROR: Display Error: , Code: 404 URL: /api/v1/Account/5645904f9ff92317d/opportunities?primaryFilter=&maxSize=5&offset=0&sortBy=createdAt&asc=false [] []
[2015-12-04 15:28:04] Fox.ERROR: API [GET]:/:controller/:id, Params:Array
(
    [controller] => Account
    [id] => 5645904f9ff92317d
)
, InputData:  -  [] []
[2015-12-04 15:28:04] Fox.ERROR: Display Error: , Code: 404 URL: /api/v1/Account/5645904f9ff92317d [] []
[2015-12-04 15:28:17] Fox.ERROR: API [PATCH]:/:controller/:id, Params:Array
(
    [controller] => Account
    [id] => 5645904f9ff92317d
)
, InputData: {"phoneNumber":null,"billingAddress":"","address":"121212","emailAddressData":[],"phoneNumberData":[],"campaignName":null,"teamsIds":[],"teamsNames":{}} -  [] []
[2015-12-04 15:28:17] Fox.ERROR: Display Error: , Code: 404 URL: /api/v1/Account/5645904f9ff92317d [] []
[2015-12-04 15:28:27] Fox.ERROR: API [GET]:/:controller/:id/stream, Params:Array
(
    [controller] => Account
    [id] => 5645904f9ff92317d
)
, InputData:  -  [] []
[2015-12-04 15:28:27] Fox.ERROR: Display Error: , Code: 404 URL: /api/v1/Account/5645904f9ff92317d/stream?filter=&maxSize=5&offset=0&sortBy=number&asc=false [] []
[2015-12-04 15:28:27] Fox.ERROR: API [GET]:/:controller/:id/:link, Params:Array
(
    [controller] => Account
    [id] => 5645904f9ff92317d
    [link] => opportunities
)
, InputData:  -  [] []
[2015-12-04 15:28:27] Fox.ERROR: Display Error: , Code: 404 URL: /api/v1/Account/5645904f9ff92317d/opportunities?primaryFilter=&maxSize=5&offset=0&sortBy=createdAt&asc=false [] []
[2015-12-04 15:28:27] Fox.ERROR: API [GET]:/:controller/:id, Params:Array
(
    [controller] => Account
    [id] => 5645904f9ff92317d
)
, InputData:  -  [] []
[2015-12-04 15:28:27] Fox.ERROR: Display Error: , Code: 404 URL: /api/v1/Account/5645904f9ff92317d [] []
[2015-12-04 15:28:44] Fox.ERROR: API [GET]:/:controller/:id/stream, Params:Array
(
    [controller] => Account
    [id] => 5645904f9ff92317d
)
, InputData:  -  [] []
[2015-12-04 15:28:44] Fox.ERROR: Display Error: , Code: 404 URL: /api/v1/Account/5645904f9ff92317d/stream?filter=&maxSize=5&offset=0&sortBy=number&asc=false [] []
[2015-12-04 16:24:33] Fox.ERROR: API [GET]:/:controller/:id/stream, Params:Array
(
    [controller] => Account
    [id] => 5645904f9ff92317d
)
, InputData:  -  [] []
[2015-12-04 16:24:33] Fox.ERROR: Display Error: , Code: 404 URL: /api/v1/Account/5645904f9ff92317d/stream?filter=&maxSize=5&offset=0&sortBy=number&asc=false [] []
[2015-12-04 16:24:33] Fox.ERROR: API [GET]:/:controller/:id, Params:Array
(
    [controller] => Account
    [id] => 5645904f9ff92317d
)
, InputData:  -  [] []
[2015-12-04 16:24:33] Fox.ERROR: Display Error: , Code: 404 URL: /api/v1/Account/5645904f9ff92317d [] []
[2015-12-04 16:24:33] Fox.ERROR: API [GET]:/:controller/:id/:link, Params:Array
(
    [controller] => Account
    [id] => 5645904f9ff92317d
    [link] => opportunities
)
, InputData:  -  [] []
[2015-12-04 16:24:33] Fox.ERROR: Display Error: , Code: 404 URL: /api/v1/Account/5645904f9ff92317d/opportunities?primaryFilter=&maxSize=5&offset=0&sortBy=createdAt&asc=false [] []
[2015-12-04 16:24:40] Fox.WARNING: E_WARNING: array_keys() expects parameter 1 to be array, null given {"file":"/home/wwwroot/zhcrm/application/Fox/Services/Record.php","line":1048} []
[2015-12-04 16:24:40] Fox.WARNING: E_WARNING: fputcsv() expects parameter 2 to be array, null given {"file":"/home/wwwroot/zhcrm/application/Fox/Services/Record.php","line":1048} []
[2015-12-04 16:28:08] Fox.ERROR: API [GET]:/:controller/:id/stream, Params:Array
(
    [controller] => Account
    [id] => 5645904f9ff92317d
)
, InputData:  -  [] []
[2015-12-04 16:28:08] Fox.ERROR: Display Error: , Code: 404 URL: /api/v1/Account/5645904f9ff92317d/stream?filter=&maxSize=5&offset=0&sortBy=number&asc=false [] []
[2015-12-04 16:28:08] Fox.ERROR: API [GET]:/:controller/:id, Params:Array
(
    [controller] => Account
    [id] => 5645904f9ff92317d
)
, InputData:  -  [] []
[2015-12-04 16:28:08] Fox.ERROR: Display Error: , Code: 404 URL: /api/v1/Account/5645904f9ff92317d [] []
[2015-12-04 16:28:08] Fox.ERROR: API [GET]:/:controller/:id/:link, Params:Array
(
    [controller] => Account
    [id] => 5645904f9ff92317d
    [link] => opportunities
)
, InputData:  -  [] []
[2015-12-04 16:28:08] Fox.ERROR: Display Error: , Code: 404 URL: /api/v1/Account/5645904f9ff92317d/opportunities?primaryFilter=&maxSize=5&offset=0&sortBy=createdAt&asc=false [] []
[2015-12-04 16:29:19] Fox.ERROR: API [GET]:/:controller/:id, Params:Array
(
    [controller] => Account
    [id] => 5645904f9ff92317d
)
, InputData:  -  [] []
[2015-12-04 16:29:19] Fox.ERROR: Display Error: , Code: 404 URL: /api/v1/Account/5645904f9ff92317d [] []
[2015-12-04 16:40:13] Fox.ERROR: API [GET]:/:controller/:id, Params:Array
(
    [controller] => Account
    [id] => 5645904f9ff92317d
)
, InputData:  -  [] []
[2015-12-04 16:40:13] Fox.ERROR: Display Error: , Code: 404 URL: /api/v1/Account/5645904f9ff92317d [] []
[2015-12-04 16:40:27] Fox.ERROR: API [GET]:/:controller/:id, Params:Array
(
    [controller] => Account
    [id] => 5645904f9ff92317d
)
, InputData:  -  [] []
[2015-12-04 16:40:27] Fox.ERROR: Display Error: , Code: 404 URL: /api/v1/Account/5645904f9ff92317d [] []
[2015-12-04 16:40:27] Fox.ERROR: API [GET]:/:controller/:id/stream, Params:Array
(
    [controller] => Account
    [id] => 5645904f9ff92317d
)
, InputData:  -  [] []
[2015-12-04 16:40:27] Fox.ERROR: Display Error: , Code: 404 URL: /api/v1/Account/5645904f9ff92317d/stream?filter=&maxSize=5&offset=0&sortBy=number&asc=false [] []
[2015-12-04 16:40:27] Fox.ERROR: API [GET]:/:controller/:id/:link, Params:Array
(
    [controller] => Account
    [id] => 5645904f9ff92317d
    [link] => opportunities
)
, InputData:  -  [] []
[2015-12-04 16:40:27] Fox.ERROR: Display Error: , Code: 404 URL: /api/v1/Account/5645904f9ff92317d/opportunities?primaryFilter=&maxSize=5&offset=0&sortBy=createdAt&asc=false [] []
[2015-12-04 16:40:57] Fox.ERROR: API [GET]:/:controller/:id, Params:Array
(
    [controller] => Account
    [id] => 5645904f9ff92317d
)
, InputData:  -  [] []
[2015-12-04 16:40:57] Fox.ERROR: Display Error: , Code: 404 URL: /api/v1/Account/5645904f9ff92317d [] []
[2015-12-04 16:49:54] Fox.ERROR: API [GET]:/:controller/:id, Params:Array
(
    [controller] => Account
    [id] => 5645904f9ff92317d
)
, InputData:  -  [] []
[2015-12-04 16:49:54] Fox.ERROR: Display Error: , Code: 404 URL: /api/v1/Account/5645904f9ff92317d [] []
[2015-12-04 17:26:01] Fox.ERROR: API [GET]:/:controller/:id/:link, Params:Array
(
    [controller] => Account
    [id] => 5645904f9ff92317d
    [link] => opportunities
)
, InputData:  -  [] []
[2015-12-04 17:26:01] Fox.ERROR: Display Error: , Code: 404 URL: /api/v1/Account/5645904f9ff92317d/opportunities?primaryFilter=&maxSize=5&offset=0&sortBy=createdAt&asc=false [] []
[2015-12-04 17:26:15] Fox.ERROR: API [GET]:/:controller/:id/stream, Params:Array
(
    [controller] => Account
    [id] => 5645904f9ff92317d
)
, InputData:  -  [] []
[2015-12-04 17:26:15] Fox.ERROR: Display Error: , Code: 404 URL: /api/v1/Account/5645904f9ff92317d/stream?filter=&maxSize=5&offset=0&sortBy=number&asc=false [] []
[2015-12-04 17:26:15] Fox.ERROR: API [GET]:/:controller/:id/:link, Params:Array
(
    [controller] => Account
    [id] => 5645904f9ff92317d
    [link] => opportunities
)
, InputData:  -  [] []
[2015-12-04 17:26:15] Fox.ERROR: Display Error: , Code: 404 URL: /api/v1/Account/5645904f9ff92317d/opportunities?primaryFilter=&maxSize=5&offset=0&sortBy=createdAt&asc=false [] []
[2015-12-04 17:29:42] Fox.ERROR: API [GET]:/:controller/:id/:link, Params:Array
(
    [controller] => Account
    [id] => 5645904f9ff92317d
    [link] => opportunities
)
, InputData:  -  [] []
[2015-12-04 17:29:42] Fox.ERROR: Display Error: , Code: 404 URL: /api/v1/Account/5645904f9ff92317d/opportunities?primaryFilter=&maxSize=5&offset=0&sortBy=createdAt&asc=false [] []
[2015-12-04 17:29:43] Fox.ERROR: API [GET]:/:controller/:id/:link, Params:Array
(
    [controller] => Account
    [id] => 5645904f9ff92317d
    [link] => opportunities
)
, InputData:  -  [] []
[2015-12-04 17:29:43] Fox.ERROR: Display Error: , Code: 404 URL: /api/v1/Account/5645904f9ff92317d/opportunities?primaryFilter=&maxSize=5&offset=0&sortBy=createdAt&asc=false [] []
[2015-12-04 17:29:51] Fox.ERROR: API [GET]:/:controller/:id, Params:Array
(
    [controller] => Account
    [id] => 5645904f9ff92317d
)
, InputData:  -  [] []
[2015-12-04 17:29:51] Fox.ERROR: Display Error: , Code: 404 URL: /api/v1/Account/5645904f9ff92317d [] []
[2015-12-04 17:31:10] Fox.ERROR: API [GET]:/:controller/:id/stream, Params:Array
(
    [controller] => Account
    [id] => 5645904f9ff92317d
)
, InputData:  -  [] []
[2015-12-04 17:31:10] Fox.ERROR: Display Error: , Code: 404 URL: /api/v1/Account/5645904f9ff92317d/stream?filter=&maxSize=5&offset=0&sortBy=number&asc=false [] []
[2015-12-04 17:31:10] Fox.ERROR: API [GET]:/:controller/:id/:link, Params:Array
(
    [controller] => Account
    [id] => 5645904f9ff92317d
    [link] => opportunities
)
, InputData:  -  [] []
[2015-12-04 17:31:10] Fox.ERROR: Display Error: , Code: 404 URL: /api/v1/Account/5645904f9ff92317d/opportunities?primaryFilter=&maxSize=5&offset=0&sortBy=createdAt&asc=false [] []
[2015-12-04 17:31:10] Fox.ERROR: API [GET]:/:controller/:id, Params:Array
(
    [controller] => Account
    [id] => 5645904f9ff92317d
)
, InputData:  -  [] []
[2015-12-04 17:31:10] Fox.ERROR: Display Error: , Code: 404 URL: /api/v1/Account/5645904f9ff92317d [] []
[2015-12-04 17:34:48] Fox.ERROR: API [GET]:/:controller/:id/:link, Params:Array
(
    [controller] => Account
    [id] => 5645904f9ff92317d
    [link] => opportunities
)
, InputData:  -  [] []
[2015-12-04 17:34:48] Fox.ERROR: Display Error: , Code: 404 URL: /api/v1/Account/5645904f9ff92317d/opportunities?primaryFilter=&maxSize=5&offset=0&sortBy=createdAt&asc=false [] []
[2015-12-04 17:39:23] Fox.ERROR: API [GET]:/:controller/:id/stream, Params:Array
(
    [controller] => Account
    [id] => 5645904f9ff92317d
)
, InputData:  -  [] []
[2015-12-04 17:39:23] Fox.ERROR: Display Error: , Code: 404 URL: /api/v1/Account/5645904f9ff92317d/stream?filter=&maxSize=5&offset=0&sortBy=number&asc=false [] []
[2015-12-04 17:39:32] Fox.ERROR: API [GET]:/:controller/:id/:link, Params:Array
(
    [controller] => Account
    [id] => 5645904f9ff92317d
    [link] => opportunities
)
, InputData:  -  [] []
[2015-12-04 17:39:32] Fox.ERROR: Display Error: , Code: 404 URL: /api/v1/Account/5645904f9ff92317d/opportunities?primaryFilter=&maxSize=5&offset=0&sortBy=createdAt&asc=false [] []
[2015-12-04 17:39:34] Fox.ERROR: API [GET]:/:controller/:id, Params:Array
(
    [controller] => Account
    [id] => 5645904f9ff92317d
)
, InputData:  -  [] []
[2015-12-04 17:39:34] Fox.ERROR: Display Error: , Code: 404 URL: /api/v1/Account/5645904f9ff92317d [] []
[2015-12-04 17:45:23] Fox.ERROR: Uncaught exception {"exception":"[object] (PDOException: SQLSTATE[HY000] [2002] No such file or directory at /home/wwwroot/zhcrm/application/Fox/ORM/EntityManager.php:110)"} []
[2015-12-04 17:45:23] Fox.ERROR: Uncaught exception {"exception":"[object] (PDOException: SQLSTATE[HY000] [2002] No such file or directory at /home/wwwroot/zhcrm/application/Fox/ORM/EntityManager.php:110)"} []
