[2015-12-02 15:56:43] Fox.WARNING: E_WARNING: Illegal offset type in isset or empty {"file":"/home/wwwroot/zhcrm/application/Fox/ORM/DB/Query/Base.php","line":305} []
[2015-12-02 15:56:43] Fox.WARNING: E_WARNING: Illegal offset type in isset or empty {"file":"/home/wwwroot/zhcrm/application/Fox/ORM/DB/Query/Base.php","line":305} []
[2015-12-02 15:56:47] Fox.WARNING: E_WARNING: Illegal offset type in isset or empty {"file":"/home/wwwroot/zhcrm/application/Fox/ORM/DB/Query/Base.php","line":305} []
[2015-12-02 15:56:47] Fox.WARNING: E_WARNING: Illegal offset type in isset or empty {"file":"/home/wwwroot/zhcrm/application/Fox/ORM/DB/Query/Base.php","line":305} []
[2015-12-02 15:56:54] Fox.ERROR: API [GET]:/:controller/:id, Params:Array
(
    [controller] => Account
    [id] => 564ebc9b2dfd840da
)
, InputData:  -  [] []
[2015-12-02 15:56:54] Fox.ERROR: Display Error: , Code: 403 URL: /api/v1/Account/564ebc9b2dfd840da [] []
[2015-12-02 15:57:04] Fox.ERROR: API [GET]:/:controller/:id, Params:Array
(
    [controller] => Account
    [id] => 564ebc9b2dfd840da
)
, InputData:  -  [] []
[2015-12-02 15:57:04] Fox.ERROR: Display Error: , Code: 403 URL: /api/v1/Account/564ebc9b2dfd840da [] []
[2015-12-02 15:59:35] Fox.ERROR: API [GET]:/:controller/:id, Params:Array
(
    [controller] => Account
    [id] => 564ebc9b2dfd840da
)
, InputData:  -  [] []
[2015-12-02 15:59:35] Fox.ERROR: Display Error: , Code: 403 URL: /api/v1/Account/564ebc9b2dfd840da [] []
[2015-12-02 15:59:49] Fox.ERROR: API [GET]:/:controller/:id, Params:Array
(
    [controller] => Account
    [id] => 564ebc9b2dfd840da
)
, InputData:  -  [] []
[2015-12-02 15:59:49] Fox.ERROR: Display Error: , Code: 403 URL: /api/v1/Account/564ebc9b2dfd840da [] []
[2015-12-02 16:04:52] Fox.ERROR: API [GET]:/:controller/:id, Params:Array
(
    [controller] => Account
    [id] => 564ebc9b2dfd840da
)
, InputData:  -  [] []
[2015-12-02 16:04:52] Fox.ERROR: Display Error: , Code: 403 URL: /api/v1/Account/564ebc9b2dfd840da [] []
[2015-12-02 16:37:13] Fox.WARNING: E_WARNING: Illegal offset type in isset or empty {"file":"/home/wwwroot/zhcrm/application/Fox/ORM/DB/Query/Base.php","line":305} []
[2015-12-02 16:37:13] Fox.WARNING: E_WARNING: Illegal offset type in isset or empty {"file":"/home/wwwroot/zhcrm/application/Fox/ORM/DB/Query/Base.php","line":305} []
[2015-12-02 16:37:24] Fox.ERROR: API [GET]:/Activities/:scope/:id/:name, Params:Array
(
    [scope] => User
    [id] => 1
    [name] => activities
)
, InputData:  -  [] []
[2015-12-02 16:37:24] Fox.ERROR: Display Error: , Code: 403 URL: /api/v1/Activities/User/1/activities?maxSize=5&offset=0&sortBy=dateStart&asc=false&where%5B%5D=false [] []
[2015-12-02 16:37:24] Fox.ERROR: API [GET]:/Activities/:scope/:id/:name, Params:Array
(
    [scope] => User
    [id] => 1
    [name] => history
)
, InputData:  -  [] []
[2015-12-02 16:37:24] Fox.ERROR: Display Error: , Code: 403 URL: /api/v1/Activities/User/1/history?maxSize=5&offset=0&sortBy=dateStart&asc=false&where%5B%5D=false [] []
[2015-12-02 16:37:29] Fox.WARNING: E_WARNING: Illegal offset type in isset or empty {"file":"/home/wwwroot/zhcrm/application/Fox/ORM/DB/Query/Base.php","line":305} []
[2015-12-02 16:37:29] Fox.WARNING: E_WARNING: Illegal offset type in isset or empty {"file":"/home/wwwroot/zhcrm/application/Fox/ORM/DB/Query/Base.php","line":305} []
[2015-12-02 16:37:34] Fox.WARNING: E_WARNING: Illegal offset type in isset or empty {"file":"/home/wwwroot/zhcrm/application/Fox/ORM/DB/Query/Base.php","line":305} []
[2015-12-02 16:37:34] Fox.WARNING: E_WARNING: Illegal offset type in isset or empty {"file":"/home/wwwroot/zhcrm/application/Fox/ORM/DB/Query/Base.php","line":305} []
[2015-12-02 16:37:44] Fox.WARNING: E_WARNING: Illegal offset type in isset or empty {"file":"/home/wwwroot/zhcrm/application/Fox/ORM/DB/Query/Base.php","line":305} []
[2015-12-02 16:37:44] Fox.WARNING: E_WARNING: Illegal offset type in isset or empty {"file":"/home/wwwroot/zhcrm/application/Fox/ORM/DB/Query/Base.php","line":305} []
[2015-12-02 16:37:47] Fox.WARNING: E_WARNING: Illegal offset type in isset or empty {"file":"/home/wwwroot/zhcrm/application/Fox/ORM/DB/Query/Base.php","line":305} []
[2015-12-02 16:37:47] Fox.WARNING: E_WARNING: Illegal offset type in isset or empty {"file":"/home/wwwroot/zhcrm/application/Fox/ORM/DB/Query/Base.php","line":305} []
[2015-12-02 16:45:54] Fox.WARNING: E_WARNING: Illegal offset type in isset or empty {"file":"/home/wwwroot/zhcrm/application/Fox/ORM/DB/Query/Base.php","line":305} []
[2015-12-02 16:45:54] Fox.WARNING: E_WARNING: Illegal offset type in isset or empty {"file":"/home/wwwroot/zhcrm/application/Fox/ORM/DB/Query/Base.php","line":305} []
[2015-12-02 16:45:58] Fox.WARNING: E_WARNING: Illegal offset type in isset or empty {"file":"/home/wwwroot/zhcrm/application/Fox/ORM/DB/Query/Base.php","line":305} []
[2015-12-02 16:45:58] Fox.WARNING: E_WARNING: Illegal offset type in isset or empty {"file":"/home/wwwroot/zhcrm/application/Fox/ORM/DB/Query/Base.php","line":305} []
[2015-12-02 16:46:28] Fox.WARNING: E_WARNING: Illegal offset type in isset or empty {"file":"/home/wwwroot/zhcrm/application/Fox/ORM/DB/Query/Base.php","line":305} []
[2015-12-02 16:46:28] Fox.WARNING: E_WARNING: Illegal offset type in isset or empty {"file":"/home/wwwroot/zhcrm/application/Fox/ORM/DB/Query/Base.php","line":305} []
[2015-12-02 16:46:58] Fox.WARNING: E_WARNING: Illegal offset type in isset or empty {"file":"/home/wwwroot/zhcrm/application/Fox/ORM/DB/Query/Base.php","line":305} []
[2015-12-02 16:46:58] Fox.WARNING: E_WARNING: Illegal offset type in isset or empty {"file":"/home/wwwroot/zhcrm/application/Fox/ORM/DB/Query/Base.php","line":305} []
[2015-12-02 16:47:28] Fox.WARNING: E_WARNING: Illegal offset type in isset or empty {"file":"/home/wwwroot/zhcrm/application/Fox/ORM/DB/Query/Base.php","line":305} []
[2015-12-02 16:47:28] Fox.WARNING: E_WARNING: Illegal offset type in isset or empty {"file":"/home/wwwroot/zhcrm/application/Fox/ORM/DB/Query/Base.php","line":305} []
[2015-12-02 16:47:58] Fox.WARNING: E_WARNING: Illegal offset type in isset or empty {"file":"/home/wwwroot/zhcrm/application/Fox/ORM/DB/Query/Base.php","line":305} []
[2015-12-02 16:47:58] Fox.WARNING: E_WARNING: Illegal offset type in isset or empty {"file":"/home/wwwroot/zhcrm/application/Fox/ORM/DB/Query/Base.php","line":305} []
[2015-12-02 16:48:29] Fox.WARNING: E_WARNING: Illegal offset type in isset or empty {"file":"/home/wwwroot/zhcrm/application/Fox/ORM/DB/Query/Base.php","line":305} []
[2015-12-02 16:48:29] Fox.WARNING: E_WARNING: Illegal offset type in isset or empty {"file":"/home/wwwroot/zhcrm/application/Fox/ORM/DB/Query/Base.php","line":305} []
[2015-12-02 16:48:59] Fox.WARNING: E_WARNING: Illegal offset type in isset or empty {"file":"/home/wwwroot/zhcrm/application/Fox/ORM/DB/Query/Base.php","line":305} []
[2015-12-02 16:48:59] Fox.WARNING: E_WARNING: Illegal offset type in isset or empty {"file":"/home/wwwroot/zhcrm/application/Fox/ORM/DB/Query/Base.php","line":305} []
[2015-12-02 16:49:29] Fox.WARNING: E_WARNING: Illegal offset type in isset or empty {"file":"/home/wwwroot/zhcrm/application/Fox/ORM/DB/Query/Base.php","line":305} []
[2015-12-02 16:49:29] Fox.WARNING: E_WARNING: Illegal offset type in isset or empty {"file":"/home/wwwroot/zhcrm/application/Fox/ORM/DB/Query/Base.php","line":305} []
[2015-12-02 16:49:59] Fox.WARNING: E_WARNING: Illegal offset type in isset or empty {"file":"/home/wwwroot/zhcrm/application/Fox/ORM/DB/Query/Base.php","line":305} []
[2015-12-02 16:49:59] Fox.WARNING: E_WARNING: Illegal offset type in isset or empty {"file":"/home/wwwroot/zhcrm/application/Fox/ORM/DB/Query/Base.php","line":305} []
[2015-12-02 16:50:29] Fox.WARNING: E_WARNING: Illegal offset type in isset or empty {"file":"/home/wwwroot/zhcrm/application/Fox/ORM/DB/Query/Base.php","line":305} []
[2015-12-02 16:50:29] Fox.WARNING: E_WARNING: Illegal offset type in isset or empty {"file":"/home/wwwroot/zhcrm/application/Fox/ORM/DB/Query/Base.php","line":305} []
[2015-12-02 16:51:00] Fox.WARNING: E_WARNING: Illegal offset type in isset or empty {"file":"/home/wwwroot/zhcrm/application/Fox/ORM/DB/Query/Base.php","line":305} []
[2015-12-02 16:51:00] Fox.WARNING: E_WARNING: Illegal offset type in isset or empty {"file":"/home/wwwroot/zhcrm/application/Fox/ORM/DB/Query/Base.php","line":305} []
[2015-12-02 16:51:30] Fox.WARNING: E_WARNING: Illegal offset type in isset or empty {"file":"/home/wwwroot/zhcrm/application/Fox/ORM/DB/Query/Base.php","line":305} []
[2015-12-02 16:51:30] Fox.WARNING: E_WARNING: Illegal offset type in isset or empty {"file":"/home/wwwroot/zhcrm/application/Fox/ORM/DB/Query/Base.php","line":305} []
[2015-12-02 16:52:00] Fox.WARNING: E_WARNING: Illegal offset type in isset or empty {"file":"/home/wwwroot/zhcrm/application/Fox/ORM/DB/Query/Base.php","line":305} []
[2015-12-02 16:52:00] Fox.WARNING: E_WARNING: Illegal offset type in isset or empty {"file":"/home/wwwroot/zhcrm/application/Fox/ORM/DB/Query/Base.php","line":305} []
[2015-12-02 16:52:31] Fox.WARNING: E_WARNING: Illegal offset type in isset or empty {"file":"/home/wwwroot/zhcrm/application/Fox/ORM/DB/Query/Base.php","line":305} []
[2015-12-02 16:52:31] Fox.WARNING: E_WARNING: Illegal offset type in isset or empty {"file":"/home/wwwroot/zhcrm/application/Fox/ORM/DB/Query/Base.php","line":305} []
[2015-12-02 16:53:01] Fox.WARNING: E_WARNING: Illegal offset type in isset or empty {"file":"/home/wwwroot/zhcrm/application/Fox/ORM/DB/Query/Base.php","line":305} []
[2015-12-02 16:53:01] Fox.WARNING: E_WARNING: Illegal offset type in isset or empty {"file":"/home/wwwroot/zhcrm/application/Fox/ORM/DB/Query/Base.php","line":305} []
[2015-12-02 16:53:31] Fox.WARNING: E_WARNING: Illegal offset type in isset or empty {"file":"/home/wwwroot/zhcrm/application/Fox/ORM/DB/Query/Base.php","line":305} []
[2015-12-02 16:53:31] Fox.WARNING: E_WARNING: Illegal offset type in isset or empty {"file":"/home/wwwroot/zhcrm/application/Fox/ORM/DB/Query/Base.php","line":305} []
[2015-12-02 16:54:01] Fox.WARNING: E_WARNING: Illegal offset type in isset or empty {"file":"/home/wwwroot/zhcrm/application/Fox/ORM/DB/Query/Base.php","line":305} []
[2015-12-02 16:54:01] Fox.WARNING: E_WARNING: Illegal offset type in isset or empty {"file":"/home/wwwroot/zhcrm/application/Fox/ORM/DB/Query/Base.php","line":305} []
[2015-12-02 16:54:31] Fox.WARNING: E_WARNING: Illegal offset type in isset or empty {"file":"/home/wwwroot/zhcrm/application/Fox/ORM/DB/Query/Base.php","line":305} []
[2015-12-02 16:54:31] Fox.WARNING: E_WARNING: Illegal offset type in isset or empty {"file":"/home/wwwroot/zhcrm/application/Fox/ORM/DB/Query/Base.php","line":305} []
[2015-12-02 16:55:01] Fox.WARNING: E_WARNING: Illegal offset type in isset or empty {"file":"/home/wwwroot/zhcrm/application/Fox/ORM/DB/Query/Base.php","line":305} []
[2015-12-02 16:55:01] Fox.WARNING: E_WARNING: Illegal offset type in isset or empty {"file":"/home/wwwroot/zhcrm/application/Fox/ORM/DB/Query/Base.php","line":305} []
[2015-12-02 16:55:31] Fox.WARNING: E_WARNING: Illegal offset type in isset or empty {"file":"/home/wwwroot/zhcrm/application/Fox/ORM/DB/Query/Base.php","line":305} []
[2015-12-02 16:55:31] Fox.WARNING: E_WARNING: Illegal offset type in isset or empty {"file":"/home/wwwroot/zhcrm/application/Fox/ORM/DB/Query/Base.php","line":305} []
[2015-12-02 16:56:01] Fox.WARNING: E_WARNING: Illegal offset type in isset or empty {"file":"/home/wwwroot/zhcrm/application/Fox/ORM/DB/Query/Base.php","line":305} []
[2015-12-02 16:56:01] Fox.WARNING: E_WARNING: Illegal offset type in isset or empty {"file":"/home/wwwroot/zhcrm/application/Fox/ORM/DB/Query/Base.php","line":305} []
[2015-12-02 16:56:31] Fox.WARNING: E_WARNING: Illegal offset type in isset or empty {"file":"/home/wwwroot/zhcrm/application/Fox/ORM/DB/Query/Base.php","line":305} []
[2015-12-02 16:56:31] Fox.WARNING: E_WARNING: Illegal offset type in isset or empty {"file":"/home/wwwroot/zhcrm/application/Fox/ORM/DB/Query/Base.php","line":305} []
[2015-12-02 16:57:01] Fox.WARNING: E_WARNING: Illegal offset type in isset or empty {"file":"/home/wwwroot/zhcrm/application/Fox/ORM/DB/Query/Base.php","line":305} []
[2015-12-02 16:57:01] Fox.WARNING: E_WARNING: Illegal offset type in isset or empty {"file":"/home/wwwroot/zhcrm/application/Fox/ORM/DB/Query/Base.php","line":305} []
[2015-12-02 16:57:31] Fox.WARNING: E_WARNING: Illegal offset type in isset or empty {"file":"/home/wwwroot/zhcrm/application/Fox/ORM/DB/Query/Base.php","line":305} []
[2015-12-02 16:57:31] Fox.WARNING: E_WARNING: Illegal offset type in isset or empty {"file":"/home/wwwroot/zhcrm/application/Fox/ORM/DB/Query/Base.php","line":305} []
[2015-12-02 16:58:02] Fox.WARNING: E_WARNING: Illegal offset type in isset or empty {"file":"/home/wwwroot/zhcrm/application/Fox/ORM/DB/Query/Base.php","line":305} []
[2015-12-02 16:58:02] Fox.WARNING: E_WARNING: Illegal offset type in isset or empty {"file":"/home/wwwroot/zhcrm/application/Fox/ORM/DB/Query/Base.php","line":305} []
[2015-12-02 16:58:32] Fox.WARNING: E_WARNING: Illegal offset type in isset or empty {"file":"/home/wwwroot/zhcrm/application/Fox/ORM/DB/Query/Base.php","line":305} []
[2015-12-02 16:58:32] Fox.WARNING: E_WARNING: Illegal offset type in isset or empty {"file":"/home/wwwroot/zhcrm/application/Fox/ORM/DB/Query/Base.php","line":305} []
[2015-12-02 16:59:02] Fox.WARNING: E_WARNING: Illegal offset type in isset or empty {"file":"/home/wwwroot/zhcrm/application/Fox/ORM/DB/Query/Base.php","line":305} []
[2015-12-02 16:59:02] Fox.WARNING: E_WARNING: Illegal offset type in isset or empty {"file":"/home/wwwroot/zhcrm/application/Fox/ORM/DB/Query/Base.php","line":305} []
[2015-12-02 16:59:32] Fox.WARNING: E_WARNING: Illegal offset type in isset or empty {"file":"/home/wwwroot/zhcrm/application/Fox/ORM/DB/Query/Base.php","line":305} []
[2015-12-02 16:59:32] Fox.WARNING: E_WARNING: Illegal offset type in isset or empty {"file":"/home/wwwroot/zhcrm/application/Fox/ORM/DB/Query/Base.php","line":305} []
[2015-12-02 17:00:02] Fox.WARNING: E_WARNING: Illegal offset type in isset or empty {"file":"/home/wwwroot/zhcrm/application/Fox/ORM/DB/Query/Base.php","line":305} []
[2015-12-02 17:00:02] Fox.WARNING: E_WARNING: Illegal offset type in isset or empty {"file":"/home/wwwroot/zhcrm/application/Fox/ORM/DB/Query/Base.php","line":305} []
[2015-12-02 17:00:14] Fox.WARNING: E_WARNING: Illegal offset type in isset or empty {"file":"/home/wwwroot/zhcrm/application/Fox/ORM/DB/Query/Base.php","line":305} []
[2015-12-02 17:00:14] Fox.WARNING: E_WARNING: Illegal offset type in isset or empty {"file":"/home/wwwroot/zhcrm/application/Fox/ORM/DB/Query/Base.php","line":305} []
[2015-12-02 17:00:44] Fox.WARNING: E_WARNING: Illegal offset type in isset or empty {"file":"/home/wwwroot/zhcrm/application/Fox/ORM/DB/Query/Base.php","line":305} []
[2015-12-02 17:00:44] Fox.WARNING: E_WARNING: Illegal offset type in isset or empty {"file":"/home/wwwroot/zhcrm/application/Fox/ORM/DB/Query/Base.php","line":305} []
[2015-12-02 17:01:14] Fox.WARNING: E_WARNING: Illegal offset type in isset or empty {"file":"/home/wwwroot/zhcrm/application/Fox/ORM/DB/Query/Base.php","line":305} []
[2015-12-02 17:01:14] Fox.WARNING: E_WARNING: Illegal offset type in isset or empty {"file":"/home/wwwroot/zhcrm/application/Fox/ORM/DB/Query/Base.php","line":305} []
[2015-12-02 17:01:44] Fox.WARNING: E_WARNING: Illegal offset type in isset or empty {"file":"/home/wwwroot/zhcrm/application/Fox/ORM/DB/Query/Base.php","line":305} []
[2015-12-02 17:01:44] Fox.WARNING: E_WARNING: Illegal offset type in isset or empty {"file":"/home/wwwroot/zhcrm/application/Fox/ORM/DB/Query/Base.php","line":305} []
[2015-12-02 17:02:14] Fox.WARNING: E_WARNING: Illegal offset type in isset or empty {"file":"/home/wwwroot/zhcrm/application/Fox/ORM/DB/Query/Base.php","line":305} []
[2015-12-02 17:02:14] Fox.WARNING: E_WARNING: Illegal offset type in isset or empty {"file":"/home/wwwroot/zhcrm/application/Fox/ORM/DB/Query/Base.php","line":305} []
[2015-12-02 17:02:44] Fox.WARNING: E_WARNING: Illegal offset type in isset or empty {"file":"/home/wwwroot/zhcrm/application/Fox/ORM/DB/Query/Base.php","line":305} []
[2015-12-02 17:02:44] Fox.WARNING: E_WARNING: Illegal offset type in isset or empty {"file":"/home/wwwroot/zhcrm/application/Fox/ORM/DB/Query/Base.php","line":305} []
[2015-12-02 17:03:14] Fox.WARNING: E_WARNING: Illegal offset type in isset or empty {"file":"/home/wwwroot/zhcrm/application/Fox/ORM/DB/Query/Base.php","line":305} []
[2015-12-02 17:03:14] Fox.WARNING: E_WARNING: Illegal offset type in isset or empty {"file":"/home/wwwroot/zhcrm/application/Fox/ORM/DB/Query/Base.php","line":305} []
[2015-12-02 17:03:44] Fox.WARNING: E_WARNING: Illegal offset type in isset or empty {"file":"/home/wwwroot/zhcrm/application/Fox/ORM/DB/Query/Base.php","line":305} []
[2015-12-02 17:03:44] Fox.WARNING: E_WARNING: Illegal offset type in isset or empty {"file":"/home/wwwroot/zhcrm/application/Fox/ORM/DB/Query/Base.php","line":305} []
[2015-12-02 17:04:14] Fox.WARNING: E_WARNING: Illegal offset type in isset or empty {"file":"/home/wwwroot/zhcrm/application/Fox/ORM/DB/Query/Base.php","line":305} []
[2015-12-02 17:04:14] Fox.WARNING: E_WARNING: Illegal offset type in isset or empty {"file":"/home/wwwroot/zhcrm/application/Fox/ORM/DB/Query/Base.php","line":305} []
[2015-12-02 17:04:44] Fox.WARNING: E_WARNING: Illegal offset type in isset or empty {"file":"/home/wwwroot/zhcrm/application/Fox/ORM/DB/Query/Base.php","line":305} []
[2015-12-02 17:04:44] Fox.WARNING: E_WARNING: Illegal offset type in isset or empty {"file":"/home/wwwroot/zhcrm/application/Fox/ORM/DB/Query/Base.php","line":305} []
[2015-12-02 17:05:14] Fox.WARNING: E_WARNING: Illegal offset type in isset or empty {"file":"/home/wwwroot/zhcrm/application/Fox/ORM/DB/Query/Base.php","line":305} []
[2015-12-02 17:05:14] Fox.WARNING: E_WARNING: Illegal offset type in isset or empty {"file":"/home/wwwroot/zhcrm/application/Fox/ORM/DB/Query/Base.php","line":305} []
[2015-12-02 17:05:45] Fox.WARNING: E_WARNING: Illegal offset type in isset or empty {"file":"/home/wwwroot/zhcrm/application/Fox/ORM/DB/Query/Base.php","line":305} []
[2015-12-02 17:05:45] Fox.WARNING: E_WARNING: Illegal offset type in isset or empty {"file":"/home/wwwroot/zhcrm/application/Fox/ORM/DB/Query/Base.php","line":305} []
[2015-12-02 17:06:16] Fox.WARNING: E_WARNING: Illegal offset type in isset or empty {"file":"/home/wwwroot/zhcrm/application/Fox/ORM/DB/Query/Base.php","line":305} []
[2015-12-02 17:06:16] Fox.WARNING: E_WARNING: Illegal offset type in isset or empty {"file":"/home/wwwroot/zhcrm/application/Fox/ORM/DB/Query/Base.php","line":305} []
[2015-12-02 17:06:46] Fox.WARNING: E_WARNING: Illegal offset type in isset or empty {"file":"/home/wwwroot/zhcrm/application/Fox/ORM/DB/Query/Base.php","line":305} []
[2015-12-02 17:06:46] Fox.WARNING: E_WARNING: Illegal offset type in isset or empty {"file":"/home/wwwroot/zhcrm/application/Fox/ORM/DB/Query/Base.php","line":305} []
[2015-12-02 17:07:17] Fox.WARNING: E_WARNING: Illegal offset type in isset or empty {"file":"/home/wwwroot/zhcrm/application/Fox/ORM/DB/Query/Base.php","line":305} []
[2015-12-02 17:07:17] Fox.WARNING: E_WARNING: Illegal offset type in isset or empty {"file":"/home/wwwroot/zhcrm/application/Fox/ORM/DB/Query/Base.php","line":305} []
[2015-12-02 17:07:47] Fox.WARNING: E_WARNING: Illegal offset type in isset or empty {"file":"/home/wwwroot/zhcrm/application/Fox/ORM/DB/Query/Base.php","line":305} []
[2015-12-02 17:07:47] Fox.WARNING: E_WARNING: Illegal offset type in isset or empty {"file":"/home/wwwroot/zhcrm/application/Fox/ORM/DB/Query/Base.php","line":305} []
[2015-12-02 17:08:17] Fox.WARNING: E_WARNING: Illegal offset type in isset or empty {"file":"/home/wwwroot/zhcrm/application/Fox/ORM/DB/Query/Base.php","line":305} []
[2015-12-02 17:08:17] Fox.WARNING: E_WARNING: Illegal offset type in isset or empty {"file":"/home/wwwroot/zhcrm/application/Fox/ORM/DB/Query/Base.php","line":305} []
[2015-12-02 17:08:48] Fox.WARNING: E_WARNING: Illegal offset type in isset or empty {"file":"/home/wwwroot/zhcrm/application/Fox/ORM/DB/Query/Base.php","line":305} []
[2015-12-02 17:08:48] Fox.WARNING: E_WARNING: Illegal offset type in isset or empty {"file":"/home/wwwroot/zhcrm/application/Fox/ORM/DB/Query/Base.php","line":305} []
[2015-12-02 17:09:18] Fox.WARNING: E_WARNING: Illegal offset type in isset or empty {"file":"/home/wwwroot/zhcrm/application/Fox/ORM/DB/Query/Base.php","line":305} []
[2015-12-02 17:09:18] Fox.WARNING: E_WARNING: Illegal offset type in isset or empty {"file":"/home/wwwroot/zhcrm/application/Fox/ORM/DB/Query/Base.php","line":305} []
[2015-12-02 17:09:48] Fox.WARNING: E_WARNING: Illegal offset type in isset or empty {"file":"/home/wwwroot/zhcrm/application/Fox/ORM/DB/Query/Base.php","line":305} []
[2015-12-02 17:09:48] Fox.WARNING: E_WARNING: Illegal offset type in isset or empty {"file":"/home/wwwroot/zhcrm/application/Fox/ORM/DB/Query/Base.php","line":305} []
[2015-12-02 17:10:19] Fox.WARNING: E_WARNING: Illegal offset type in isset or empty {"file":"/home/wwwroot/zhcrm/application/Fox/ORM/DB/Query/Base.php","line":305} []
[2015-12-02 17:10:19] Fox.WARNING: E_WARNING: Illegal offset type in isset or empty {"file":"/home/wwwroot/zhcrm/application/Fox/ORM/DB/Query/Base.php","line":305} []
[2015-12-02 17:10:50] Fox.WARNING: E_WARNING: Illegal offset type in isset or empty {"file":"/home/wwwroot/zhcrm/application/Fox/ORM/DB/Query/Base.php","line":305} []
[2015-12-02 17:10:50] Fox.WARNING: E_WARNING: Illegal offset type in isset or empty {"file":"/home/wwwroot/zhcrm/application/Fox/ORM/DB/Query/Base.php","line":305} []
[2015-12-02 17:11:20] Fox.WARNING: E_WARNING: Illegal offset type in isset or empty {"file":"/home/wwwroot/zhcrm/application/Fox/ORM/DB/Query/Base.php","line":305} []
[2015-12-02 17:11:20] Fox.WARNING: E_WARNING: Illegal offset type in isset or empty {"file":"/home/wwwroot/zhcrm/application/Fox/ORM/DB/Query/Base.php","line":305} []
[2015-12-02 17:11:51] Fox.WARNING: E_WARNING: Illegal offset type in isset or empty {"file":"/home/wwwroot/zhcrm/application/Fox/ORM/DB/Query/Base.php","line":305} []
[2015-12-02 17:11:51] Fox.WARNING: E_WARNING: Illegal offset type in isset or empty {"file":"/home/wwwroot/zhcrm/application/Fox/ORM/DB/Query/Base.php","line":305} []
[2015-12-02 17:12:21] Fox.WARNING: E_WARNING: Illegal offset type in isset or empty {"file":"/home/wwwroot/zhcrm/application/Fox/ORM/DB/Query/Base.php","line":305} []
[2015-12-02 17:12:21] Fox.WARNING: E_WARNING: Illegal offset type in isset or empty {"file":"/home/wwwroot/zhcrm/application/Fox/ORM/DB/Query/Base.php","line":305} []
[2015-12-02 17:12:51] Fox.WARNING: E_WARNING: Illegal offset type in isset or empty {"file":"/home/wwwroot/zhcrm/application/Fox/ORM/DB/Query/Base.php","line":305} []
[2015-12-02 17:12:51] Fox.WARNING: E_WARNING: Illegal offset type in isset or empty {"file":"/home/wwwroot/zhcrm/application/Fox/ORM/DB/Query/Base.php","line":305} []
[2015-12-02 17:13:21] Fox.WARNING: E_WARNING: Illegal offset type in isset or empty {"file":"/home/wwwroot/zhcrm/application/Fox/ORM/DB/Query/Base.php","line":305} []
[2015-12-02 17:13:21] Fox.WARNING: E_WARNING: Illegal offset type in isset or empty {"file":"/home/wwwroot/zhcrm/application/Fox/ORM/DB/Query/Base.php","line":305} []
[2015-12-02 17:13:51] Fox.WARNING: E_WARNING: Illegal offset type in isset or empty {"file":"/home/wwwroot/zhcrm/application/Fox/ORM/DB/Query/Base.php","line":305} []
[2015-12-02 17:13:51] Fox.WARNING: E_WARNING: Illegal offset type in isset or empty {"file":"/home/wwwroot/zhcrm/application/Fox/ORM/DB/Query/Base.php","line":305} []
[2015-12-02 17:14:22] Fox.WARNING: E_WARNING: Illegal offset type in isset or empty {"file":"/home/wwwroot/zhcrm/application/Fox/ORM/DB/Query/Base.php","line":305} []
[2015-12-02 17:14:22] Fox.WARNING: E_WARNING: Illegal offset type in isset or empty {"file":"/home/wwwroot/zhcrm/application/Fox/ORM/DB/Query/Base.php","line":305} []
[2015-12-02 17:14:52] Fox.WARNING: E_WARNING: Illegal offset type in isset or empty {"file":"/home/wwwroot/zhcrm/application/Fox/ORM/DB/Query/Base.php","line":305} []
[2015-12-02 17:14:52] Fox.WARNING: E_WARNING: Illegal offset type in isset or empty {"file":"/home/wwwroot/zhcrm/application/Fox/ORM/DB/Query/Base.php","line":305} []
[2015-12-02 17:15:23] Fox.WARNING: E_WARNING: Illegal offset type in isset or empty {"file":"/home/wwwroot/zhcrm/application/Fox/ORM/DB/Query/Base.php","line":305} []
[2015-12-02 17:15:23] Fox.WARNING: E_WARNING: Illegal offset type in isset or empty {"file":"/home/wwwroot/zhcrm/application/Fox/ORM/DB/Query/Base.php","line":305} []
[2015-12-02 17:15:54] Fox.WARNING: E_WARNING: Illegal offset type in isset or empty {"file":"/home/wwwroot/zhcrm/application/Fox/ORM/DB/Query/Base.php","line":305} []
[2015-12-02 17:15:54] Fox.WARNING: E_WARNING: Illegal offset type in isset or empty {"file":"/home/wwwroot/zhcrm/application/Fox/ORM/DB/Query/Base.php","line":305} []
[2015-12-02 17:16:25] Fox.WARNING: E_WARNING: Illegal offset type in isset or empty {"file":"/home/wwwroot/zhcrm/application/Fox/ORM/DB/Query/Base.php","line":305} []
[2015-12-02 17:16:25] Fox.WARNING: E_WARNING: Illegal offset type in isset or empty {"file":"/home/wwwroot/zhcrm/application/Fox/ORM/DB/Query/Base.php","line":305} []
[2015-12-02 17:16:55] Fox.WARNING: E_WARNING: Illegal offset type in isset or empty {"file":"/home/wwwroot/zhcrm/application/Fox/ORM/DB/Query/Base.php","line":305} []
[2015-12-02 17:16:55] Fox.WARNING: E_WARNING: Illegal offset type in isset or empty {"file":"/home/wwwroot/zhcrm/application/Fox/ORM/DB/Query/Base.php","line":305} []
[2015-12-02 17:17:25] Fox.WARNING: E_WARNING: Illegal offset type in isset or empty {"file":"/home/wwwroot/zhcrm/application/Fox/ORM/DB/Query/Base.php","line":305} []
[2015-12-02 17:17:25] Fox.WARNING: E_WARNING: Illegal offset type in isset or empty {"file":"/home/wwwroot/zhcrm/application/Fox/ORM/DB/Query/Base.php","line":305} []
